I200329 07:27:44.032726 1 util/log/clog.go:1196  [config] file created at: 2020/03/29 07:27:44
I200329 07:27:44.032726 1 util/log/clog.go:1196  [config] running on machine: fa1e83db8466
I200329 07:27:44.032726 1 util/log/clog.go:1196  [config] binary: CockroachDB CCL v19.2.5 (x86_64-unknown-linux-gnu, built 2020/03/16 18:27:12, go1.12.12)
I200329 07:27:44.032726 1 util/log/clog.go:1196  [config] arguments: [/cockroach/cockroach start --insecure --join=roach-ui]
I200329 07:27:44.032726 1 util/log/clog.go:1196  line format: [IWEF]yymmdd hh:mm:ss.uuuuuu goid file:line msg utf8=✓
I200329 07:27:44.032713 1 cli/start.go:1144  logging to directory /cockroach/cockroach-data/logs
W200329 07:27:44.038634 1 cli/start.go:1182  RUNNING IN INSECURE MODE!

- Your cluster is open for any client that can access <all your IP addresses>.
- Any user, even root, can log in without providing a password.
- Any user, connecting as root, can read or write any data in your cluster.
- There is no network encryption nor authentication, and thus no confidentiality.

Check out how to secure your cluster: https://www.cockroachlabs.com/docs/v19.2/secure-a-cluster.html
I200329 07:27:44.039203 1 server/status/recorder.go:597  available memory from cgroups (8.0 EiB) is unsupported, using system memory 1.9 GiB instead: 
W200329 07:27:44.039607 1 cli/start.go:1052  Using the default setting for --cache (128 MiB).
  A significantly larger value is usually needed for good performance.
  If you have a dedicated server a reasonable setting is --cache=.25 (497 MiB).
I200329 07:27:44.045311 1 server/status/recorder.go:597  available memory from cgroups (8.0 EiB) is unsupported, using system memory 1.9 GiB instead: 
W200329 07:27:44.045587 1 cli/start.go:1065  Using the default setting for --max-sql-memory (128 MiB).
  A significantly larger value is usually needed in production.
  If you have a dedicated server a reasonable setting is --max-sql-memory=.25 (497 MiB).
I200329 07:27:44.046965 1 server/status/recorder.go:597  available memory from cgroups (8.0 EiB) is unsupported, using system memory 1.9 GiB instead: 
I200329 07:27:44.047220 1 cli/start.go:1196  CockroachDB CCL v19.2.5 (x86_64-unknown-linux-gnu, built 2020/03/16 18:27:12, go1.12.12)
I200329 07:27:44.230127 1 server/status/recorder.go:597  available memory from cgroups (8.0 EiB) is unsupported, using system memory 1.9 GiB instead: 
I200329 07:27:44.230241 1 server/config.go:394  system total memory: 1.9 GiB
I200329 07:27:44.230389 1 server/config.go:396  server configuration:
max offset             500000000
cache size             128 MiB
SQL memory pool size   128 MiB
scan interval          10m0s
scan min idle time     10ms
scan max idle time     1s
event log enabled      true
I200329 07:27:44.230468 1 cli/start.go:1030  using local environment variables: COCKROACH_CHANNEL=official-docker
I200329 07:27:44.230553 1 cli/start.go:1037  process identity: uid 0 euid 0 gid 0 egid 0
I200329 07:27:44.233990 1 cli/start.go:644  starting cockroach node
I200329 07:27:44.250778 25 storage/engine/rocksdb.go:622  opening rocksdb instance at "/cockroach/cockroach-data/cockroach-temp089724524"
I200329 07:27:44.463902 25 server/server.go:928  [n?] monitoring forward clock jumps based on server.clock.forward_jump_check_enabled
I200329 07:27:44.467102 25 storage/engine/rocksdb.go:622  opening rocksdb instance at "/cockroach/cockroach-data"
I200329 07:27:44.595663 25 server/config.go:502  [n?] 1 storage engine initialized
I200329 07:27:44.595771 25 server/config.go:505  [n?] RocksDB cache size: 128 MiB
I200329 07:27:44.595827 25 server/config.go:505  [n?] store 0: RocksDB, max size 0 B, max open file limit 1043576
W200329 07:27:44.607426 25 gossip/gossip.go:1517  [n?] no incoming or outgoing connections
W200329 07:27:44.609380 25 cli/start.go:996  neither --listen-addr nor --advertise-addr was specified.
The server will advertise "fa1e83db8466" to other nodes, is this routable?

Consider using:
- for local-only servers:  --listen-addr=localhost
- for multi-node clusters: --advertise-addr=<host/IP addr>
I200329 07:27:44.614036 25 server/server.go:978  [n?] Sleeping till wall time 1585466864613956000 to catches up to 1585466864963656901 to ensure monotonicity. Delta: 349.700901ms
I200329 07:27:44.623810 40 vendor/github.com/cockroachdb/circuitbreaker/circuitbreaker.go:322  [n?] circuitbreaker: gossip [::]:26257->roach-ui:26257 tripped: initial connection heartbeat failed: rpc error: code = Unknown desc = client cluster ID "1b688fa2-c06a-4469-87f0-169e5b76b7e8" doesn't match server cluster ID "e180c391-d7e5-414c-87b2-6354523b2942"
I200329 07:27:44.623865 40 vendor/github.com/cockroachdb/circuitbreaker/circuitbreaker.go:447  [n?] circuitbreaker: gossip [::]:26257->roach-ui:26257 event: BreakerTripped
W200329 07:27:44.623920 40 gossip/client.go:118  [n?] failed to start gossip client to roach-ui:26257: initial connection heartbeat failed: rpc error: code = Unknown desc = client cluster ID "1b688fa2-c06a-4469-87f0-169e5b76b7e8" doesn't match server cluster ID "e180c391-d7e5-414c-87b2-6354523b2942"
I200329 07:27:44.965186 25 gossip/gossip.go:394  [n2] NodeDescriptor set to node_id:2 address:<network_field:"tcp" address_field:"fa1e83db8466:26257" > attrs:<> locality:<> ServerVersion:<major_val:19 minor_val:2 patch:0 unstable:0 > build_tag:"v19.2.5" started_at:1585466864964979300 cluster_name:"" sql_address:<network_field:"tcp" address_field:"fa1e83db8466:26257" > 
I200329 07:27:45.065898 25 server/node.go:431  [n2] initialized store [n2,s2]: disk (capacity=116 TiB, available=85 TiB, used=278 KiB, logicalBytes=0 B), ranges=0, leases=0, queries=0.00, writes=0.00, bytesPerReplica={p10=0.00 p25=0.00 p50=0.00 p75=0.00 p90=0.00 pMax=0.00}, writesPerReplica={p10=0.00 p25=0.00 p50=0.00 p75=0.00 p90=0.00 pMax=0.00}
I200329 07:27:45.066110 25 storage/stores.go:240  [n2] read 1 node addresses from persistent storage
I200329 07:27:45.066374 25 server/node.go:645  [n2] connecting to gossip network to verify cluster ID...
W200329 07:27:47.629019 57 gossip/gossip.go:1300  [n2] invalid bootstrap address: &{typ:tcp addr:83bc730a68a7:26257}, lookup 83bc730a68a7 on 127.0.0.11:53: no such host
W200329 07:27:50.934889 101 storage/closedts/provider/provider.go:150  [ct-closer] unable to move closed timestamp forward: node not in the liveness table
github.com/cockroachdb/cockroach/pkg/storage.init.ializers
	/go/src/github.com/cockroachdb/cockroach/pkg/storage/node_liveness.go:44
runtime.main
	/usr/local/go/src/runtime/proc.go:188
runtime.goexit
	/usr/local/go/src/runtime/asm_amd64.s:1337
I200329 07:28:04.022948 1 cli/start.go:865  received signal 'terminated'
I200329 07:28:04.023854 1 cli/start.go:930  initiating graceful shutdown of server
I200329 07:28:04.024314 1 cli/start.go:981  too early to drain; used hard shutdown instead
