I200329 07:27:44.273089 25 util/log/clog.go:1196  [config] file created at: 2020/03/29 07:27:44
I200329 07:27:44.273089 25 util/log/clog.go:1196  [config] running on machine: fa1e83db8466
I200329 07:27:44.273089 25 util/log/clog.go:1196  [config] binary: CockroachDB CCL v19.2.5 (x86_64-unknown-linux-gnu, built 2020/03/16 18:27:12, go1.12.12)
I200329 07:27:44.273089 25 util/log/clog.go:1196  [config] arguments: [/cockroach/cockroach start --insecure --join=roach-ui]
I200329 07:27:44.273089 25 util/log/clog.go:1196  line format: [IWEF]yymmdd hh:mm:ss.uuuuuu goid file:line msg utf8=✓
I200329 07:27:44.272926 25 storage/engine/rocksdb.go:120  RocksDB version: 6.2.1
I200329 07:27:44.288974 25 storage/engine/rocksdb.go:120  Git sha rocksdb_build_git_sha:@b7009236531fa784872f4823eabf393501e41bf2@
I200329 07:27:44.289003 25 storage/engine/rocksdb.go:120  Compile date Mar 16 2020
I200329 07:27:44.311828 25 storage/engine/rocksdb.go:120  DB SUMMARY
I200329 07:27:44.314759 25 storage/engine/rocksdb.go:120  SST files in /cockroach/cockroach-data/cockroach-temp089724524 dir, Total Num: 0, files: 
I200329 07:27:44.314958 25 storage/engine/rocksdb.go:120  Write Ahead Log file in /cockroach/cockroach-data/cockroach-temp089724524: 
I200329 07:27:44.314991 25 storage/engine/rocksdb.go:120                          Options.error_if_exists: 0
I200329 07:27:44.315015 25 storage/engine/rocksdb.go:120                        Options.create_if_missing: 1
I200329 07:27:44.315539 25 storage/engine/rocksdb.go:120                          Options.paranoid_checks: 1
I200329 07:27:44.315655 25 storage/engine/rocksdb.go:120                                      Options.env: 0x75757a0
I200329 07:27:44.315783 25 storage/engine/rocksdb.go:120                                 Options.info_log: 0x7fd8b6019140
I200329 07:27:44.315833 25 storage/engine/rocksdb.go:120                 Options.max_file_opening_threads: 16
I200329 07:27:44.315958 25 storage/engine/rocksdb.go:120                               Options.statistics: 0x7fd8b6029010
I200329 07:27:44.315997 25 storage/engine/rocksdb.go:120                                Options.use_fsync: 0
I200329 07:27:44.316022 25 storage/engine/rocksdb.go:120                        Options.max_log_file_size: 0
I200329 07:27:44.316046 25 storage/engine/rocksdb.go:120                   Options.max_manifest_file_size: 134217728
I200329 07:27:44.316141 25 storage/engine/rocksdb.go:120                    Options.log_file_time_to_roll: 0
I200329 07:27:44.316160 25 storage/engine/rocksdb.go:120                        Options.keep_log_file_num: 1000
I200329 07:27:44.316180 25 storage/engine/rocksdb.go:120                     Options.recycle_log_file_num: 1
I200329 07:27:44.316199 25 storage/engine/rocksdb.go:120                          Options.allow_fallocate: 1
I200329 07:27:44.316220 25 storage/engine/rocksdb.go:120                         Options.allow_mmap_reads: 0
I200329 07:27:44.316240 25 storage/engine/rocksdb.go:120                        Options.allow_mmap_writes: 0
I200329 07:27:44.316261 25 storage/engine/rocksdb.go:120                         Options.use_direct_reads: 0
I200329 07:27:44.316281 25 storage/engine/rocksdb.go:120                         Options.use_direct_io_for_flush_and_compaction: 0
I200329 07:27:44.316301 25 storage/engine/rocksdb.go:120           Options.create_missing_column_families: 0
I200329 07:27:44.316321 25 storage/engine/rocksdb.go:120                               Options.db_log_dir: 
I200329 07:27:44.316342 25 storage/engine/rocksdb.go:120                                  Options.wal_dir: /cockroach/cockroach-data/cockroach-temp089724524
I200329 07:27:44.316362 25 storage/engine/rocksdb.go:120                 Options.table_cache_numshardbits: 6
I200329 07:27:44.316380 25 storage/engine/rocksdb.go:120                       Options.max_subcompactions: 1
I200329 07:27:44.316397 25 storage/engine/rocksdb.go:120                   Options.max_background_flushes: -1
I200329 07:27:44.316418 25 storage/engine/rocksdb.go:120                          Options.WAL_ttl_seconds: 0
I200329 07:27:44.316439 25 storage/engine/rocksdb.go:120                        Options.WAL_size_limit_MB: 0
I200329 07:27:44.316461 25 storage/engine/rocksdb.go:120              Options.manifest_preallocation_size: 4194304
I200329 07:27:44.316479 25 storage/engine/rocksdb.go:120                      Options.is_fd_close_on_exec: 1
I200329 07:27:44.316495 25 storage/engine/rocksdb.go:120                    Options.advise_random_on_open: 1
I200329 07:27:44.316515 25 storage/engine/rocksdb.go:120                     Options.db_write_buffer_size: 0
I200329 07:27:44.316533 25 storage/engine/rocksdb.go:120                     Options.write_buffer_manager: 0x7fd8b6091030
I200329 07:27:44.316554 25 storage/engine/rocksdb.go:120          Options.access_hint_on_compaction_start: 1
I200329 07:27:44.316573 25 storage/engine/rocksdb.go:120   Options.new_table_reader_for_compaction_inputs: 0
I200329 07:27:44.316589 25 storage/engine/rocksdb.go:120            Options.random_access_max_buffer_size: 1048576
I200329 07:27:44.317133 25 storage/engine/rocksdb.go:120                       Options.use_adaptive_mutex: 0
I200329 07:27:44.317221 25 storage/engine/rocksdb.go:120                             Options.rate_limiter: (nil)
I200329 07:27:44.317260 25 storage/engine/rocksdb.go:120      Options.sst_file_manager.rate_bytes_per_sec: 0
I200329 07:27:44.317292 25 storage/engine/rocksdb.go:120                        Options.wal_recovery_mode: 0
I200329 07:27:44.317324 25 storage/engine/rocksdb.go:120                   Options.enable_thread_tracking: 0
I200329 07:27:44.317355 25 storage/engine/rocksdb.go:120                   Options.enable_pipelined_write: 0
I200329 07:27:44.317387 25 storage/engine/rocksdb.go:120          Options.allow_concurrent_memtable_write: 1
I200329 07:27:44.317419 25 storage/engine/rocksdb.go:120       Options.enable_write_thread_adaptive_yield: 1
I200329 07:27:44.317451 25 storage/engine/rocksdb.go:120              Options.write_thread_max_yield_usec: 100
I200329 07:27:44.317482 25 storage/engine/rocksdb.go:120             Options.write_thread_slow_yield_usec: 3
I200329 07:27:44.317506 25 storage/engine/rocksdb.go:120                                Options.row_cache: None
I200329 07:27:44.319925 25 storage/engine/rocksdb.go:120                               Options.wal_filter: None
I200329 07:27:44.319948 25 storage/engine/rocksdb.go:120              Options.avoid_flush_during_recovery: 0
I200329 07:27:44.319970 25 storage/engine/rocksdb.go:120              Options.allow_ingest_behind: 0
I200329 07:27:44.319991 25 storage/engine/rocksdb.go:120              Options.preserve_deletes: 0
I200329 07:27:44.320004 25 storage/engine/rocksdb.go:120              Options.two_write_queues: 0
I200329 07:27:44.320040 25 storage/engine/rocksdb.go:120              Options.manual_wal_flush: 1
I200329 07:27:44.320062 25 storage/engine/rocksdb.go:120              Options.atomic_flush: 0
I200329 07:27:44.320106 25 storage/engine/rocksdb.go:120              Options.avoid_unnecessary_blocking_io: 0
I200329 07:27:44.320137 25 storage/engine/rocksdb.go:120              Options.max_background_jobs: 4
I200329 07:27:44.320490 25 storage/engine/rocksdb.go:120              Options.max_background_compactions: -1
I200329 07:27:44.320601 25 storage/engine/rocksdb.go:120              Options.avoid_flush_during_shutdown: 0
I200329 07:27:44.320623 25 storage/engine/rocksdb.go:120            Options.writable_file_max_buffer_size: 1048576
I200329 07:27:44.320685 25 storage/engine/rocksdb.go:120              Options.delayed_write_rate : 16777216
I200329 07:27:44.320777 25 storage/engine/rocksdb.go:120              Options.max_total_wal_size: 0
I200329 07:27:44.320839 25 storage/engine/rocksdb.go:120              Options.delete_obsolete_files_period_micros: 21600000000
I200329 07:27:44.320986 25 storage/engine/rocksdb.go:120                    Options.stats_dump_period_sec: 0
I200329 07:27:44.321198 25 storage/engine/rocksdb.go:120                  Options.stats_persist_period_sec: 600
I200329 07:27:44.321319 25 storage/engine/rocksdb.go:120                  Options.stats_history_buffer_size: 1048576
I200329 07:27:44.321338 25 storage/engine/rocksdb.go:120                           Options.max_open_files: 128
I200329 07:27:44.321399 25 storage/engine/rocksdb.go:120                           Options.bytes_per_sync: 524288
I200329 07:27:44.321442 25 storage/engine/rocksdb.go:120                       Options.wal_bytes_per_sync: 0
I200329 07:27:44.322111 25 storage/engine/rocksdb.go:120                    Options.strict_bytes_per_sync: 1
I200329 07:27:44.322136 25 storage/engine/rocksdb.go:120        Options.compaction_readahead_size: 0
I200329 07:27:44.322203 25 storage/engine/rocksdb.go:120  Compression algorithms supported:
I200329 07:27:44.322247 25 storage/engine/rocksdb.go:120  	kZSTDNotFinalCompression supported: 0
I200329 07:27:44.322447 25 storage/engine/rocksdb.go:120  	kZSTD supported: 0
I200329 07:27:44.322466 25 storage/engine/rocksdb.go:120  	kXpressCompression supported: 0
I200329 07:27:44.322484 25 storage/engine/rocksdb.go:120  	kLZ4HCCompression supported: 0
I200329 07:27:44.322501 25 storage/engine/rocksdb.go:120  	kLZ4Compression supported: 0
I200329 07:27:44.322519 25 storage/engine/rocksdb.go:120  	kBZip2Compression supported: 0
I200329 07:27:44.322537 25 storage/engine/rocksdb.go:120  	kZlibCompression supported: 0
I200329 07:27:44.322555 25 storage/engine/rocksdb.go:120  	kSnappyCompression supported: 1
I200329 07:27:44.322583 25 storage/engine/rocksdb.go:120  Fast CRC32 supported: Supported on x86
I200329 07:27:44.328347 25 storage/engine/rocksdb.go:120  [db/db_impl_open.cc:242] Creating manifest 1 
I200329 07:27:44.373329 25 storage/engine/rocksdb.go:120  [db/version_set.cc:4072] Recovering from manifest file: /cockroach/cockroach-data/cockroach-temp089724524/MANIFEST-000001
I200329 07:27:44.378035 25 storage/engine/rocksdb.go:120  [db/column_family.cc:488] --------------- Options for column family [default]:
I200329 07:27:44.378063 25 storage/engine/rocksdb.go:120                Options.comparator: cockroach_comparator
I200329 07:27:44.378192 25 storage/engine/rocksdb.go:120            Options.merge_operator: cockroach_merge_operator
I200329 07:27:44.378465 25 storage/engine/rocksdb.go:120         Options.compaction_filter: None
I200329 07:27:44.378483 25 storage/engine/rocksdb.go:120         Options.compaction_filter_factory: None
I200329 07:27:44.378596 25 storage/engine/rocksdb.go:120          Options.memtable_factory: SkipListFactory
I200329 07:27:44.378626 25 storage/engine/rocksdb.go:120             Options.table_factory: BlockBasedTable
I200329 07:27:44.378817 25 storage/engine/rocksdb.go:120             table_factory options:   flush_block_policy_factory: FlushBlockBySizePolicyFactory (0x7fd8b601d030)
  cache_index_and_filter_blocks: 0
  cache_index_and_filter_blocks_with_high_priority: 0
  pin_l0_filter_and_index_blocks_in_cache: 0
  pin_top_level_index_and_filter: 1
  index_type: 0
  data_block_index_type: 0
  index_shortening: 1
  data_block_hash_table_util_ratio: 0.750000
  hash_index_allow_collision: 1
  checksum: 1
  no_block_cache: 0
  block_cache: 0x7fd8b600e010
  block_cache_name: LRUCache
  block_cache_options:
    capacity : 1048576
    num_shard_bits : 4
    strict_capacity_limit : 0
    memory_allocator : None
    high_pri_pool_ratio: 0.000
  block_cache_compressed: (nil)
  persistent_cache: (nil)
  block_size: 32768
  block_size_deviation: 10
  block_restart_interval: 16
  index_block_restart_interval: 1
  metadata_block_size: 4096
  partition_filters: 0
  use_delta_encoding: 1
  filter_policy: rocksdb.BuiltinBloomFilter
  whole_key_filtering: 0
  verify_compression: 0
  read_amp_bytes_per_bit: 0
  format_version: 2
  enable_index_compression: 1
  block_align: 0
I200329 07:27:44.378838 25 storage/engine/rocksdb.go:120         Options.write_buffer_size: 67108864
I200329 07:27:44.378866 25 storage/engine/rocksdb.go:120   Options.max_write_buffer_number: 4
I200329 07:27:44.378891 25 storage/engine/rocksdb.go:120           Options.compression: Snappy
I200329 07:27:44.378913 25 storage/engine/rocksdb.go:120                   Options.bottommost_compression: Disabled
I200329 07:27:44.378933 25 storage/engine/rocksdb.go:120        Options.prefix_extractor: cockroach_prefix_extractor
I200329 07:27:44.378955 25 storage/engine/rocksdb.go:120    Options.memtable_insert_with_hint_prefix_extractor: nullptr
I200329 07:27:44.378977 25 storage/engine/rocksdb.go:120              Options.num_levels: 7
I200329 07:27:44.379009 25 storage/engine/rocksdb.go:120         Options.min_write_buffer_number_to_merge: 1
I200329 07:27:44.379038 25 storage/engine/rocksdb.go:120      Options.max_write_buffer_number_to_maintain: 0
I200329 07:27:44.379068 25 storage/engine/rocksdb.go:120             Options.bottommost_compression_opts.window_bits: -14
I200329 07:27:44.379091 25 storage/engine/rocksdb.go:120                   Options.bottommost_compression_opts.level: 32767
I200329 07:27:44.379136 25 storage/engine/rocksdb.go:120                Options.bottommost_compression_opts.strategy: 0
I200329 07:27:44.379162 25 storage/engine/rocksdb.go:120          Options.bottommost_compression_opts.max_dict_bytes: 0
I200329 07:27:44.379184 25 storage/engine/rocksdb.go:120          Options.bottommost_compression_opts.zstd_max_train_bytes: 0
I200329 07:27:44.379204 25 storage/engine/rocksdb.go:120                   Options.bottommost_compression_opts.enabled: false
I200329 07:27:44.379220 25 storage/engine/rocksdb.go:120             Options.compression_opts.window_bits: -14
I200329 07:27:44.379241 25 storage/engine/rocksdb.go:120                   Options.compression_opts.level: 32767
I200329 07:27:44.379260 25 storage/engine/rocksdb.go:120                Options.compression_opts.strategy: 0
I200329 07:27:44.379274 25 storage/engine/rocksdb.go:120          Options.compression_opts.max_dict_bytes: 0
I200329 07:27:44.379295 25 storage/engine/rocksdb.go:120          Options.compression_opts.zstd_max_train_bytes: 0
I200329 07:27:44.379316 25 storage/engine/rocksdb.go:120                   Options.compression_opts.enabled: false
I200329 07:27:44.379338 25 storage/engine/rocksdb.go:120       Options.level0_file_num_compaction_trigger: 2
I200329 07:27:44.379362 25 storage/engine/rocksdb.go:120           Options.level0_slowdown_writes_trigger: 950
I200329 07:27:44.379382 25 storage/engine/rocksdb.go:120               Options.level0_stop_writes_trigger: 1000
I200329 07:27:44.379406 25 storage/engine/rocksdb.go:120                    Options.target_file_size_base: 4194304
I200329 07:27:44.379432 25 storage/engine/rocksdb.go:120              Options.target_file_size_multiplier: 2
I200329 07:27:44.379456 25 storage/engine/rocksdb.go:120                 Options.max_bytes_for_level_base: 67108864
I200329 07:27:44.379481 25 storage/engine/rocksdb.go:120  Options.level_compaction_dynamic_level_bytes: 1
I200329 07:27:44.379648 25 storage/engine/rocksdb.go:120           Options.max_bytes_for_level_multiplier: 10.000000
I200329 07:27:44.379680 25 storage/engine/rocksdb.go:120  Options.max_bytes_for_level_multiplier_addtl[0]: 1
I200329 07:27:44.379745 25 storage/engine/rocksdb.go:120  Options.max_bytes_for_level_multiplier_addtl[1]: 1
I200329 07:27:44.379776 25 storage/engine/rocksdb.go:120  Options.max_bytes_for_level_multiplier_addtl[2]: 1
I200329 07:27:44.379804 25 storage/engine/rocksdb.go:120  Options.max_bytes_for_level_multiplier_addtl[3]: 1
I200329 07:27:44.379828 25 storage/engine/rocksdb.go:120  Options.max_bytes_for_level_multiplier_addtl[4]: 1
I200329 07:27:44.379846 25 storage/engine/rocksdb.go:120  Options.max_bytes_for_level_multiplier_addtl[5]: 1
I200329 07:27:44.379865 25 storage/engine/rocksdb.go:120  Options.max_bytes_for_level_multiplier_addtl[6]: 1
I200329 07:27:44.379889 25 storage/engine/rocksdb.go:120        Options.max_sequential_skip_in_iterations: 8
I200329 07:27:44.379910 25 storage/engine/rocksdb.go:120                     Options.max_compaction_bytes: 104857600
I200329 07:27:44.379931 25 storage/engine/rocksdb.go:120                         Options.arena_block_size: 8388608
I200329 07:27:44.379992 25 storage/engine/rocksdb.go:120    Options.soft_pending_compaction_bytes_limit: 2199023255552
I200329 07:27:44.380046 25 storage/engine/rocksdb.go:120    Options.hard_pending_compaction_bytes_limit: 4400193994752
I200329 07:27:44.380069 25 storage/engine/rocksdb.go:120        Options.rate_limit_delay_max_milliseconds: 100
I200329 07:27:44.380127 25 storage/engine/rocksdb.go:120                 Options.disable_auto_compactions: 0
I200329 07:27:44.380162 25 storage/engine/rocksdb.go:120                         Options.compaction_style: kCompactionStyleLevel
I200329 07:27:44.380187 25 storage/engine/rocksdb.go:120                           Options.compaction_pri: kMinOverlappingRatio
I200329 07:27:44.380210 25 storage/engine/rocksdb.go:120  Options.compaction_options_universal.size_ratio: 1
I200329 07:27:44.380319 25 storage/engine/rocksdb.go:120  Options.compaction_options_universal.min_merge_width: 2
I200329 07:27:44.380345 25 storage/engine/rocksdb.go:120  Options.compaction_options_universal.max_merge_width: 4294967295
I200329 07:27:44.380368 25 storage/engine/rocksdb.go:120  Options.compaction_options_universal.max_size_amplification_percent: 200
I200329 07:27:44.380388 25 storage/engine/rocksdb.go:120  Options.compaction_options_universal.compression_size_percent: -1
I200329 07:27:44.380423 25 storage/engine/rocksdb.go:120  Options.compaction_options_universal.stop_style: kCompactionStopStyleTotalSize
I200329 07:27:44.380461 25 storage/engine/rocksdb.go:120  Options.compaction_options_fifo.max_table_files_size: 1073741824
I200329 07:27:44.380485 25 storage/engine/rocksdb.go:120  Options.compaction_options_fifo.allow_compaction: 0
I200329 07:27:44.380620 25 storage/engine/rocksdb.go:120                    Options.table_properties_collectors: TimeBoundTblPropCollectorFactory; DeleteRangeTblPropCollectorFactory; 
I200329 07:27:44.380642 25 storage/engine/rocksdb.go:120                    Options.inplace_update_support: 0
I200329 07:27:44.380692 25 storage/engine/rocksdb.go:120                  Options.inplace_update_num_locks: 10000
I200329 07:27:44.380785 25 storage/engine/rocksdb.go:120                Options.memtable_prefix_bloom_size_ratio: 0.000000
I200329 07:27:44.380854 25 storage/engine/rocksdb.go:120                Options.memtable_whole_key_filtering: 0
I200329 07:27:44.380971 25 storage/engine/rocksdb.go:120    Options.memtable_huge_page_size: 0
I200329 07:27:44.380993 25 storage/engine/rocksdb.go:120                            Options.bloom_locality: 0
I200329 07:27:44.381015 25 storage/engine/rocksdb.go:120                     Options.max_successive_merges: 0
I200329 07:27:44.381035 25 storage/engine/rocksdb.go:120                 Options.optimize_filters_for_hits: 1
I200329 07:27:44.381056 25 storage/engine/rocksdb.go:120                 Options.paranoid_file_checks: 0
I200329 07:27:44.381079 25 storage/engine/rocksdb.go:120                 Options.force_consistency_checks: 0
I200329 07:27:44.381103 25 storage/engine/rocksdb.go:120                 Options.report_bg_io_stats: 0
I200329 07:27:44.381126 25 storage/engine/rocksdb.go:120                                Options.ttl: 0
I200329 07:27:44.381149 25 storage/engine/rocksdb.go:120           Options.periodic_compaction_seconds: 0
I200329 07:27:44.386906 25 storage/engine/rocksdb.go:120  [db/version_set.cc:4286] Recovered from manifest file:/cockroach/cockroach-data/cockroach-temp089724524/MANIFEST-000001 succeeded,manifest_file_number is 1, next_file_number is 3, last_sequence is 0, log_number is 0,prev_log_number is 0,max_column_family is 0,min_log_number_to_keep is 0
I200329 07:27:44.386966 25 storage/engine/rocksdb.go:120  [db/version_set.cc:4295] Column family [default] (ID 0), log number is 0
I200329 07:27:44.433688 25 storage/engine/rocksdb.go:120  DB pointer 0x7fd8b6099000
I200329 07:27:44.476902 25 storage/engine/rocksdb.go:120  RocksDB version: 6.2.1
I200329 07:27:44.476946 25 storage/engine/rocksdb.go:120  Git sha rocksdb_build_git_sha:@b7009236531fa784872f4823eabf393501e41bf2@
I200329 07:27:44.478405 25 storage/engine/rocksdb.go:120  Compile date Mar 16 2020
I200329 07:27:44.478650 25 storage/engine/rocksdb.go:120  DB SUMMARY
I200329 07:27:44.482954 25 storage/engine/rocksdb.go:120  CURRENT file:  CURRENT
I200329 07:27:44.483028 25 storage/engine/rocksdb.go:120  IDENTITY file:  IDENTITY
I200329 07:27:44.484349 25 storage/engine/rocksdb.go:120  MANIFEST file:  MANIFEST-000005 size: 53 Bytes
I200329 07:27:44.484373 25 storage/engine/rocksdb.go:120  SST files in /cockroach/cockroach-data dir, Total Num: 0, files: 
I200329 07:27:44.484393 25 storage/engine/rocksdb.go:120  Write Ahead Log file in /cockroach/cockroach-data: 000006.log size: 6937 ; 
I200329 07:27:44.484676 25 storage/engine/rocksdb.go:120                          Options.error_if_exists: 0
I200329 07:27:44.484697 25 storage/engine/rocksdb.go:120                        Options.create_if_missing: 1
I200329 07:27:44.484715 25 storage/engine/rocksdb.go:120                          Options.paranoid_checks: 1
I200329 07:27:44.484898 25 storage/engine/rocksdb.go:120                                      Options.env: 0x75757a0
I200329 07:27:44.484916 25 storage/engine/rocksdb.go:120                                 Options.info_log: 0x7fd8b60192c0
I200329 07:27:44.484933 25 storage/engine/rocksdb.go:120                 Options.max_file_opening_threads: 16
I200329 07:27:44.485021 25 storage/engine/rocksdb.go:120                               Options.statistics: 0x7fd8b6029080
I200329 07:27:44.485044 25 storage/engine/rocksdb.go:120                                Options.use_fsync: 0
I200329 07:27:44.485063 25 storage/engine/rocksdb.go:120                        Options.max_log_file_size: 0
I200329 07:27:44.485144 25 storage/engine/rocksdb.go:120                   Options.max_manifest_file_size: 134217728
I200329 07:27:44.485163 25 storage/engine/rocksdb.go:120                    Options.log_file_time_to_roll: 0
I200329 07:27:44.485176 25 storage/engine/rocksdb.go:120                        Options.keep_log_file_num: 1000
I200329 07:27:44.485189 25 storage/engine/rocksdb.go:120                     Options.recycle_log_file_num: 1
I200329 07:27:44.485203 25 storage/engine/rocksdb.go:120                          Options.allow_fallocate: 1
I200329 07:27:44.485275 25 storage/engine/rocksdb.go:120                         Options.allow_mmap_reads: 0
I200329 07:27:44.485307 25 storage/engine/rocksdb.go:120                        Options.allow_mmap_writes: 0
I200329 07:27:44.485320 25 storage/engine/rocksdb.go:120                         Options.use_direct_reads: 0
I200329 07:27:44.485333 25 storage/engine/rocksdb.go:120                         Options.use_direct_io_for_flush_and_compaction: 0
I200329 07:27:44.485383 25 storage/engine/rocksdb.go:120           Options.create_missing_column_families: 0
I200329 07:27:44.485460 25 storage/engine/rocksdb.go:120                               Options.db_log_dir: 
I200329 07:27:44.485479 25 storage/engine/rocksdb.go:120                                  Options.wal_dir: /cockroach/cockroach-data
I200329 07:27:44.485491 25 storage/engine/rocksdb.go:120                 Options.table_cache_numshardbits: 6
I200329 07:27:44.485505 25 storage/engine/rocksdb.go:120                       Options.max_subcompactions: 1
I200329 07:27:44.485602 25 storage/engine/rocksdb.go:120                   Options.max_background_flushes: -1
I200329 07:27:44.485624 25 storage/engine/rocksdb.go:120                          Options.WAL_ttl_seconds: 0
I200329 07:27:44.485644 25 storage/engine/rocksdb.go:120                        Options.WAL_size_limit_MB: 0
I200329 07:27:44.485663 25 storage/engine/rocksdb.go:120              Options.manifest_preallocation_size: 4194304
I200329 07:27:44.485701 25 storage/engine/rocksdb.go:120                      Options.is_fd_close_on_exec: 1
I200329 07:27:44.485755 25 storage/engine/rocksdb.go:120                    Options.advise_random_on_open: 1
I200329 07:27:44.485773 25 storage/engine/rocksdb.go:120                     Options.db_write_buffer_size: 0
I200329 07:27:44.485791 25 storage/engine/rocksdb.go:120                     Options.write_buffer_manager: 0x7fd8b6091540
I200329 07:27:44.485809 25 storage/engine/rocksdb.go:120          Options.access_hint_on_compaction_start: 1
I200329 07:27:44.485895 25 storage/engine/rocksdb.go:120   Options.new_table_reader_for_compaction_inputs: 0
I200329 07:27:44.485911 25 storage/engine/rocksdb.go:120            Options.random_access_max_buffer_size: 1048576
I200329 07:27:44.485929 25 storage/engine/rocksdb.go:120                       Options.use_adaptive_mutex: 0
I200329 07:27:44.485947 25 storage/engine/rocksdb.go:120                             Options.rate_limiter: (nil)
I200329 07:27:44.486040 25 storage/engine/rocksdb.go:120      Options.sst_file_manager.rate_bytes_per_sec: 0
I200329 07:27:44.486059 25 storage/engine/rocksdb.go:120                        Options.wal_recovery_mode: 0
I200329 07:27:44.486073 25 storage/engine/rocksdb.go:120                   Options.enable_thread_tracking: 0
I200329 07:27:44.486091 25 storage/engine/rocksdb.go:120                   Options.enable_pipelined_write: 0
I200329 07:27:44.486166 25 storage/engine/rocksdb.go:120          Options.allow_concurrent_memtable_write: 1
I200329 07:27:44.486178 25 storage/engine/rocksdb.go:120       Options.enable_write_thread_adaptive_yield: 1
I200329 07:27:44.486197 25 storage/engine/rocksdb.go:120              Options.write_thread_max_yield_usec: 100
I200329 07:27:44.486215 25 storage/engine/rocksdb.go:120             Options.write_thread_slow_yield_usec: 3
I200329 07:27:44.486226 25 storage/engine/rocksdb.go:120                                Options.row_cache: None
I200329 07:27:44.486244 25 storage/engine/rocksdb.go:120                               Options.wal_filter: None
I200329 07:27:44.486398 25 storage/engine/rocksdb.go:120              Options.avoid_flush_during_recovery: 0
I200329 07:27:44.486419 25 storage/engine/rocksdb.go:120              Options.allow_ingest_behind: 0
I200329 07:27:44.486437 25 storage/engine/rocksdb.go:120              Options.preserve_deletes: 0
I200329 07:27:44.486451 25 storage/engine/rocksdb.go:120              Options.two_write_queues: 0
I200329 07:27:44.486468 25 storage/engine/rocksdb.go:120              Options.manual_wal_flush: 1
I200329 07:27:44.486486 25 storage/engine/rocksdb.go:120              Options.atomic_flush: 0
I200329 07:27:44.486503 25 storage/engine/rocksdb.go:120              Options.avoid_unnecessary_blocking_io: 0
I200329 07:27:44.486575 25 storage/engine/rocksdb.go:120              Options.max_background_jobs: 4
I200329 07:27:44.486664 25 storage/engine/rocksdb.go:120              Options.max_background_compactions: -1
I200329 07:27:44.486683 25 storage/engine/rocksdb.go:120              Options.avoid_flush_during_shutdown: 0
I200329 07:27:44.486716 25 storage/engine/rocksdb.go:120            Options.writable_file_max_buffer_size: 1048576
I200329 07:27:44.486731 25 storage/engine/rocksdb.go:120              Options.delayed_write_rate : 16777216
I200329 07:27:44.486748 25 storage/engine/rocksdb.go:120              Options.max_total_wal_size: 0
I200329 07:27:44.486765 25 storage/engine/rocksdb.go:120              Options.delete_obsolete_files_period_micros: 21600000000
I200329 07:27:44.486778 25 storage/engine/rocksdb.go:120                    Options.stats_dump_period_sec: 0
I200329 07:27:44.486795 25 storage/engine/rocksdb.go:120                  Options.stats_persist_period_sec: 600
I200329 07:27:44.486812 25 storage/engine/rocksdb.go:120                  Options.stats_history_buffer_size: 1048576
I200329 07:27:44.486827 25 storage/engine/rocksdb.go:120                           Options.max_open_files: 1043576
I200329 07:27:44.486864 25 storage/engine/rocksdb.go:120                           Options.bytes_per_sync: 524288
I200329 07:27:44.486876 25 storage/engine/rocksdb.go:120                       Options.wal_bytes_per_sync: 0
I200329 07:27:44.486936 25 storage/engine/rocksdb.go:120                    Options.strict_bytes_per_sync: 1
I200329 07:27:44.487039 25 storage/engine/rocksdb.go:120        Options.compaction_readahead_size: 0
I200329 07:27:44.487157 25 storage/engine/rocksdb.go:120  Compression algorithms supported:
I200329 07:27:44.487179 25 storage/engine/rocksdb.go:120  	kZSTDNotFinalCompression supported: 0
I200329 07:27:44.487197 25 storage/engine/rocksdb.go:120  	kZSTD supported: 0
I200329 07:27:44.487214 25 storage/engine/rocksdb.go:120  	kXpressCompression supported: 0
I200329 07:27:44.487231 25 storage/engine/rocksdb.go:120  	kLZ4HCCompression supported: 0
I200329 07:27:44.487243 25 storage/engine/rocksdb.go:120  	kLZ4Compression supported: 0
I200329 07:27:44.487260 25 storage/engine/rocksdb.go:120  	kBZip2Compression supported: 0
I200329 07:27:44.487277 25 storage/engine/rocksdb.go:120  	kZlibCompression supported: 0
I200329 07:27:44.487295 25 storage/engine/rocksdb.go:120  	kSnappyCompression supported: 1
I200329 07:27:44.487315 25 storage/engine/rocksdb.go:120  Fast CRC32 supported: Supported on x86
I200329 07:27:44.510021 25 storage/engine/rocksdb.go:120  [db/version_set.cc:4072] Recovering from manifest file: /cockroach/cockroach-data/MANIFEST-000005
I200329 07:27:44.511841 25 storage/engine/rocksdb.go:120  [db/column_family.cc:488] --------------- Options for column family [default]:
I200329 07:27:44.511894 25 storage/engine/rocksdb.go:120                Options.comparator: cockroach_comparator
I200329 07:27:44.511950 25 storage/engine/rocksdb.go:120            Options.merge_operator: cockroach_merge_operator
I200329 07:27:44.511965 25 storage/engine/rocksdb.go:120         Options.compaction_filter: None
I200329 07:27:44.511983 25 storage/engine/rocksdb.go:120         Options.compaction_filter_factory: None
I200329 07:27:44.512004 25 storage/engine/rocksdb.go:120          Options.memtable_factory: SkipListFactory
I200329 07:27:44.512092 25 storage/engine/rocksdb.go:120             Options.table_factory: BlockBasedTable
I200329 07:27:44.512140 25 storage/engine/rocksdb.go:120             table_factory options:   flush_block_policy_factory: FlushBlockBySizePolicyFactory (0x7fd8b601d090)
  cache_index_and_filter_blocks: 0
  cache_index_and_filter_blocks_with_high_priority: 0
  pin_l0_filter_and_index_blocks_in_cache: 0
  pin_top_level_index_and_filter: 1
  index_type: 0
  data_block_index_type: 0
  index_shortening: 1
  data_block_hash_table_util_ratio: 0.750000
  hash_index_allow_collision: 1
  checksum: 1
  no_block_cache: 0
  block_cache: 0x7fd8b60b2210
  block_cache_name: LRUCache
  block_cache_options:
    capacity : 67108864
    num_shard_bits : 4
    strict_capacity_limit : 0
    memory_allocator : None
    high_pri_pool_ratio: 0.000
  block_cache_compressed: (nil)
  persistent_cache: (nil)
  block_size: 32768
  block_size_deviation: 10
  block_restart_interval: 16
  index_block_restart_interval: 1
  metadata_block_size: 4096
  partition_filters: 0
  use_delta_encoding: 1
  filter_policy: rocksdb.BuiltinBloomFilter
  whole_key_filtering: 0
  verify_compression: 0
  read_amp_bytes_per_bit: 0
  format_version: 2
  enable_index_compression: 1
  block_align: 0
I200329 07:27:44.512223 25 storage/engine/rocksdb.go:120         Options.write_buffer_size: 67108864
I200329 07:27:44.512275 25 storage/engine/rocksdb.go:120   Options.max_write_buffer_number: 4
I200329 07:27:44.512296 25 storage/engine/rocksdb.go:120           Options.compression: Snappy
I200329 07:27:44.513078 25 storage/engine/rocksdb.go:120                   Options.bottommost_compression: Disabled
I200329 07:27:44.513157 25 storage/engine/rocksdb.go:120        Options.prefix_extractor: cockroach_prefix_extractor
I200329 07:27:44.513180 25 storage/engine/rocksdb.go:120    Options.memtable_insert_with_hint_prefix_extractor: nullptr
I200329 07:27:44.513201 25 storage/engine/rocksdb.go:120              Options.num_levels: 7
I200329 07:27:44.513228 25 storage/engine/rocksdb.go:120         Options.min_write_buffer_number_to_merge: 1
I200329 07:27:44.513249 25 storage/engine/rocksdb.go:120      Options.max_write_buffer_number_to_maintain: 0
I200329 07:27:44.513269 25 storage/engine/rocksdb.go:120             Options.bottommost_compression_opts.window_bits: -14
I200329 07:27:44.513291 25 storage/engine/rocksdb.go:120                   Options.bottommost_compression_opts.level: 32767
I200329 07:27:44.513315 25 storage/engine/rocksdb.go:120                Options.bottommost_compression_opts.strategy: 0
I200329 07:27:44.513335 25 storage/engine/rocksdb.go:120          Options.bottommost_compression_opts.max_dict_bytes: 0
I200329 07:27:44.513354 25 storage/engine/rocksdb.go:120          Options.bottommost_compression_opts.zstd_max_train_bytes: 0
I200329 07:27:44.513373 25 storage/engine/rocksdb.go:120                   Options.bottommost_compression_opts.enabled: false
I200329 07:27:44.513392 25 storage/engine/rocksdb.go:120             Options.compression_opts.window_bits: -14
I200329 07:27:44.513413 25 storage/engine/rocksdb.go:120                   Options.compression_opts.level: 32767
I200329 07:27:44.513433 25 storage/engine/rocksdb.go:120                Options.compression_opts.strategy: 0
I200329 07:27:44.513461 25 storage/engine/rocksdb.go:120          Options.compression_opts.max_dict_bytes: 0
I200329 07:27:44.513482 25 storage/engine/rocksdb.go:120          Options.compression_opts.zstd_max_train_bytes: 0
I200329 07:27:44.513503 25 storage/engine/rocksdb.go:120                   Options.compression_opts.enabled: false
I200329 07:27:44.513525 25 storage/engine/rocksdb.go:120       Options.level0_file_num_compaction_trigger: 2
I200329 07:27:44.513547 25 storage/engine/rocksdb.go:120           Options.level0_slowdown_writes_trigger: 950
I200329 07:27:44.513568 25 storage/engine/rocksdb.go:120               Options.level0_stop_writes_trigger: 1000
I200329 07:27:44.513685 25 storage/engine/rocksdb.go:120                    Options.target_file_size_base: 4194304
I200329 07:27:44.513713 25 storage/engine/rocksdb.go:120              Options.target_file_size_multiplier: 2
I200329 07:27:44.513732 25 storage/engine/rocksdb.go:120                 Options.max_bytes_for_level_base: 67108864
I200329 07:27:44.513749 25 storage/engine/rocksdb.go:120  Options.level_compaction_dynamic_level_bytes: 1
I200329 07:27:44.513782 25 storage/engine/rocksdb.go:120           Options.max_bytes_for_level_multiplier: 10.000000
I200329 07:27:44.513800 25 storage/engine/rocksdb.go:120  Options.max_bytes_for_level_multiplier_addtl[0]: 1
I200329 07:27:44.513822 25 storage/engine/rocksdb.go:120  Options.max_bytes_for_level_multiplier_addtl[1]: 1
I200329 07:27:44.513844 25 storage/engine/rocksdb.go:120  Options.max_bytes_for_level_multiplier_addtl[2]: 1
I200329 07:27:44.513873 25 storage/engine/rocksdb.go:120  Options.max_bytes_for_level_multiplier_addtl[3]: 1
I200329 07:27:44.513895 25 storage/engine/rocksdb.go:120  Options.max_bytes_for_level_multiplier_addtl[4]: 1
I200329 07:27:44.513915 25 storage/engine/rocksdb.go:120  Options.max_bytes_for_level_multiplier_addtl[5]: 1
I200329 07:27:44.513934 25 storage/engine/rocksdb.go:120  Options.max_bytes_for_level_multiplier_addtl[6]: 1
I200329 07:27:44.513955 25 storage/engine/rocksdb.go:120        Options.max_sequential_skip_in_iterations: 8
I200329 07:27:44.514021 25 storage/engine/rocksdb.go:120                     Options.max_compaction_bytes: 104857600
I200329 07:27:44.514044 25 storage/engine/rocksdb.go:120                         Options.arena_block_size: 8388608
I200329 07:27:44.514069 25 storage/engine/rocksdb.go:120    Options.soft_pending_compaction_bytes_limit: 2199023255552
I200329 07:27:44.514090 25 storage/engine/rocksdb.go:120    Options.hard_pending_compaction_bytes_limit: 4400193994752
I200329 07:27:44.514135 25 storage/engine/rocksdb.go:120        Options.rate_limit_delay_max_milliseconds: 100
I200329 07:27:44.514221 25 storage/engine/rocksdb.go:120                 Options.disable_auto_compactions: 0
I200329 07:27:44.514249 25 storage/engine/rocksdb.go:120                         Options.compaction_style: kCompactionStyleLevel
I200329 07:27:44.514284 25 storage/engine/rocksdb.go:120                           Options.compaction_pri: kMinOverlappingRatio
I200329 07:27:44.514304 25 storage/engine/rocksdb.go:120  Options.compaction_options_universal.size_ratio: 1
I200329 07:27:44.514329 25 storage/engine/rocksdb.go:120  Options.compaction_options_universal.min_merge_width: 2
I200329 07:27:44.514350 25 storage/engine/rocksdb.go:120  Options.compaction_options_universal.max_merge_width: 4294967295
I200329 07:27:44.514372 25 storage/engine/rocksdb.go:120  Options.compaction_options_universal.max_size_amplification_percent: 200
I200329 07:27:44.514391 25 storage/engine/rocksdb.go:120  Options.compaction_options_universal.compression_size_percent: -1
I200329 07:27:44.514413 25 storage/engine/rocksdb.go:120  Options.compaction_options_universal.stop_style: kCompactionStopStyleTotalSize
I200329 07:27:44.514433 25 storage/engine/rocksdb.go:120  Options.compaction_options_fifo.max_table_files_size: 1073741824
I200329 07:27:44.514451 25 storage/engine/rocksdb.go:120  Options.compaction_options_fifo.allow_compaction: 0
I200329 07:27:44.514476 25 storage/engine/rocksdb.go:120                    Options.table_properties_collectors: TimeBoundTblPropCollectorFactory; DeleteRangeTblPropCollectorFactory; 
I200329 07:27:44.514502 25 storage/engine/rocksdb.go:120                    Options.inplace_update_support: 0
I200329 07:27:44.514634 25 storage/engine/rocksdb.go:120                  Options.inplace_update_num_locks: 10000
I200329 07:27:44.514674 25 storage/engine/rocksdb.go:120                Options.memtable_prefix_bloom_size_ratio: 0.000000
I200329 07:27:44.514703 25 storage/engine/rocksdb.go:120                Options.memtable_whole_key_filtering: 0
I200329 07:27:44.514728 25 storage/engine/rocksdb.go:120    Options.memtable_huge_page_size: 0
I200329 07:27:44.514748 25 storage/engine/rocksdb.go:120                            Options.bloom_locality: 0
I200329 07:27:44.514770 25 storage/engine/rocksdb.go:120                     Options.max_successive_merges: 0
I200329 07:27:44.514792 25 storage/engine/rocksdb.go:120                 Options.optimize_filters_for_hits: 1
I200329 07:27:44.514815 25 storage/engine/rocksdb.go:120                 Options.paranoid_file_checks: 0
I200329 07:27:44.514840 25 storage/engine/rocksdb.go:120                 Options.force_consistency_checks: 0
I200329 07:27:44.514855 25 storage/engine/rocksdb.go:120                 Options.report_bg_io_stats: 0
I200329 07:27:44.514905 25 storage/engine/rocksdb.go:120                                Options.ttl: 0
I200329 07:27:44.514927 25 storage/engine/rocksdb.go:120           Options.periodic_compaction_seconds: 0
I200329 07:27:44.521453 25 storage/engine/rocksdb.go:120  [db/version_set.cc:4286] Recovered from manifest file:/cockroach/cockroach-data/MANIFEST-000005 succeeded,manifest_file_number is 5, next_file_number is 7, last_sequence is 0, log_number is 4,prev_log_number is 0,max_column_family is 0,min_log_number_to_keep is 0
I200329 07:27:44.521498 25 storage/engine/rocksdb.go:120  [db/version_set.cc:4295] Column family [default] (ID 0), log number is 4
I200329 07:27:44.534215 25 storage/engine/rocksdb.go:120  EVENT_LOG_v1 {"time_micros": 1585466864534078, "job": 1, "event": "recovery_started", "log_files": [6]}
I200329 07:27:44.534276 25 storage/engine/rocksdb.go:120  [db/db_impl_open.cc:598] Recovering log #6 mode 0
I200329 07:27:44.559519 25 storage/engine/rocksdb.go:120  EVENT_LOG_v1 {"time_micros": 1585466864559411, "cf_name": "default", "job": 1, "event": "table_file_creation", "file_number": 7, "file_size": 1228, "table_properties": {"data_size": 198, "index_size": 34, "index_partitions": 0, "top_level_index_size": 0, "index_key_is_user_key": 0, "index_value_is_delta_encoded": 0, "filter_size": 69, "raw_key_size": 60, "raw_average_key_size": 15, "raw_value_size": 157, "raw_average_value_size": 39, "num_data_blocks": 1, "num_entries": 4, "num_deletions": 0, "num_merge_operands": 0, "num_range_deletions": 0, "format_version": 0, "fixed_key_len": 0, "filter_policy": "rocksdb.BuiltinBloomFilter", "column_family_name": "default", "column_family_id": 0, "comparator": "cockroach_comparator", "merge_operator": "cockroach_merge_operator", "prefix_extractor_name": "cockroach_prefix_extractor", "property_collectors": "[TimeBoundTblPropCollectorFactory,DeleteRangeTblPropCollectorFactory]", "compression": "Snappy", "compression_options": "window_bits=-14; level=32767; strategy=0; max_dict_bytes=0; zstd_max_train_bytes=0; enabled=0; ", "creation_time": 1585466864, "oldest_key_time": 3, "file_creation_time": 0}}
I200329 07:27:44.559721 25 storage/engine/rocksdb.go:120  [db/version_set.cc:3560] Creating manifest 8
I200329 07:27:44.565375 25 storage/engine/rocksdb.go:120  EVENT_LOG_v1 {"time_micros": 1585466864565342, "job": 1, "event": "recovery_finished"}
I200329 07:27:44.595386 25 storage/engine/rocksdb.go:120  DB pointer 0x7fd8b612d000
