I200329 07:16:51.117816 53 util/log/clog.go:1196  [config] file created at: 2020/03/29 07:16:51
I200329 07:16:51.117816 53 util/log/clog.go:1196  [config] running on machine: cc45abcdd27d
I200329 07:16:51.117816 53 util/log/clog.go:1196  [config] binary: CockroachDB CCL v19.2.5 (x86_64-unknown-linux-gnu, built 2020/03/16 18:27:12, go1.12.12)
I200329 07:16:51.117816 53 util/log/clog.go:1196  [config] arguments: [/cockroach/cockroach start --insecure --join=roach-ui]
I200329 07:16:51.117816 53 util/log/clog.go:1196  line format: [IWEF]yymmdd hh:mm:ss.uuuuuu goid file:line msg utf8=✓
I200329 07:16:51.117804 53 storage/engine/rocksdb.go:120  RocksDB version: 6.2.1
I200329 07:16:51.123070 53 storage/engine/rocksdb.go:120  Git sha rocksdb_build_git_sha:@b7009236531fa784872f4823eabf393501e41bf2@
I200329 07:16:51.123133 53 storage/engine/rocksdb.go:120  Compile date Mar 16 2020
I200329 07:16:51.123161 53 storage/engine/rocksdb.go:120  DB SUMMARY
I200329 07:16:51.125699 53 storage/engine/rocksdb.go:120  SST files in /cockroach/cockroach-data/cockroach-temp613197296 dir, Total Num: 0, files: 
I200329 07:16:51.130073 53 storage/engine/rocksdb.go:120  Write Ahead Log file in /cockroach/cockroach-data/cockroach-temp613197296: 
I200329 07:16:51.130110 53 storage/engine/rocksdb.go:120                          Options.error_if_exists: 0
I200329 07:16:51.130131 53 storage/engine/rocksdb.go:120                        Options.create_if_missing: 1
I200329 07:16:51.130146 53 storage/engine/rocksdb.go:120                          Options.paranoid_checks: 1
I200329 07:16:51.130164 53 storage/engine/rocksdb.go:120                                      Options.env: 0x75757a0
I200329 07:16:51.130182 53 storage/engine/rocksdb.go:120                                 Options.info_log: 0x7ff099a87fa0
I200329 07:16:51.130200 53 storage/engine/rocksdb.go:120                 Options.max_file_opening_threads: 16
I200329 07:16:51.130217 53 storage/engine/rocksdb.go:120                               Options.statistics: 0x7ff099a1d8d0
I200329 07:16:51.130235 53 storage/engine/rocksdb.go:120                                Options.use_fsync: 0
I200329 07:16:51.130253 53 storage/engine/rocksdb.go:120                        Options.max_log_file_size: 0
I200329 07:16:51.130272 53 storage/engine/rocksdb.go:120                   Options.max_manifest_file_size: 134217728
I200329 07:16:51.130290 53 storage/engine/rocksdb.go:120                    Options.log_file_time_to_roll: 0
I200329 07:16:51.130308 53 storage/engine/rocksdb.go:120                        Options.keep_log_file_num: 1000
I200329 07:16:51.130325 53 storage/engine/rocksdb.go:120                     Options.recycle_log_file_num: 1
I200329 07:16:51.130339 53 storage/engine/rocksdb.go:120                          Options.allow_fallocate: 1
I200329 07:16:51.130351 53 storage/engine/rocksdb.go:120                         Options.allow_mmap_reads: 0
I200329 07:16:51.130364 53 storage/engine/rocksdb.go:120                        Options.allow_mmap_writes: 0
I200329 07:16:51.130382 53 storage/engine/rocksdb.go:120                         Options.use_direct_reads: 0
I200329 07:16:51.130400 53 storage/engine/rocksdb.go:120                         Options.use_direct_io_for_flush_and_compaction: 0
I200329 07:16:51.130418 53 storage/engine/rocksdb.go:120           Options.create_missing_column_families: 0
I200329 07:16:51.130437 53 storage/engine/rocksdb.go:120                               Options.db_log_dir: 
I200329 07:16:51.130455 53 storage/engine/rocksdb.go:120                                  Options.wal_dir: /cockroach/cockroach-data/cockroach-temp613197296
I200329 07:16:51.130473 53 storage/engine/rocksdb.go:120                 Options.table_cache_numshardbits: 6
I200329 07:16:51.130491 53 storage/engine/rocksdb.go:120                       Options.max_subcompactions: 1
I200329 07:16:51.130509 53 storage/engine/rocksdb.go:120                   Options.max_background_flushes: -1
I200329 07:16:51.130526 53 storage/engine/rocksdb.go:120                          Options.WAL_ttl_seconds: 0
I200329 07:16:51.130544 53 storage/engine/rocksdb.go:120                        Options.WAL_size_limit_MB: 0
I200329 07:16:51.130562 53 storage/engine/rocksdb.go:120              Options.manifest_preallocation_size: 4194304
I200329 07:16:51.130579 53 storage/engine/rocksdb.go:120                      Options.is_fd_close_on_exec: 1
I200329 07:16:51.130668 53 storage/engine/rocksdb.go:120                    Options.advise_random_on_open: 1
I200329 07:16:51.130681 53 storage/engine/rocksdb.go:120                     Options.db_write_buffer_size: 0
I200329 07:16:51.130704 53 storage/engine/rocksdb.go:120                     Options.write_buffer_manager: 0x7ff099a60cb0
I200329 07:16:51.130717 53 storage/engine/rocksdb.go:120          Options.access_hint_on_compaction_start: 1
I200329 07:16:51.130732 53 storage/engine/rocksdb.go:120   Options.new_table_reader_for_compaction_inputs: 0
I200329 07:16:51.130745 53 storage/engine/rocksdb.go:120            Options.random_access_max_buffer_size: 1048576
I200329 07:16:51.130759 53 storage/engine/rocksdb.go:120                       Options.use_adaptive_mutex: 0
I200329 07:16:51.130777 53 storage/engine/rocksdb.go:120                             Options.rate_limiter: (nil)
I200329 07:16:51.130801 53 storage/engine/rocksdb.go:120      Options.sst_file_manager.rate_bytes_per_sec: 0
I200329 07:16:51.130819 53 storage/engine/rocksdb.go:120                        Options.wal_recovery_mode: 0
I200329 07:16:51.130838 53 storage/engine/rocksdb.go:120                   Options.enable_thread_tracking: 0
I200329 07:16:51.130857 53 storage/engine/rocksdb.go:120                   Options.enable_pipelined_write: 0
I200329 07:16:51.130874 53 storage/engine/rocksdb.go:120          Options.allow_concurrent_memtable_write: 1
I200329 07:16:51.130892 53 storage/engine/rocksdb.go:120       Options.enable_write_thread_adaptive_yield: 1
I200329 07:16:51.130906 53 storage/engine/rocksdb.go:120              Options.write_thread_max_yield_usec: 100
I200329 07:16:51.130921 53 storage/engine/rocksdb.go:120             Options.write_thread_slow_yield_usec: 3
I200329 07:16:51.130933 53 storage/engine/rocksdb.go:120                                Options.row_cache: None
I200329 07:16:51.130951 53 storage/engine/rocksdb.go:120                               Options.wal_filter: None
I200329 07:16:51.130964 53 storage/engine/rocksdb.go:120              Options.avoid_flush_during_recovery: 0
I200329 07:16:51.130983 53 storage/engine/rocksdb.go:120              Options.allow_ingest_behind: 0
I200329 07:16:51.131000 53 storage/engine/rocksdb.go:120              Options.preserve_deletes: 0
I200329 07:16:51.131018 53 storage/engine/rocksdb.go:120              Options.two_write_queues: 0
I200329 07:16:51.131031 53 storage/engine/rocksdb.go:120              Options.manual_wal_flush: 1
I200329 07:16:51.131045 53 storage/engine/rocksdb.go:120              Options.atomic_flush: 0
I200329 07:16:51.131058 53 storage/engine/rocksdb.go:120              Options.avoid_unnecessary_blocking_io: 0
I200329 07:16:51.131074 53 storage/engine/rocksdb.go:120              Options.max_background_jobs: 4
I200329 07:16:51.131087 53 storage/engine/rocksdb.go:120              Options.max_background_compactions: -1
I200329 07:16:51.131104 53 storage/engine/rocksdb.go:120              Options.avoid_flush_during_shutdown: 0
I200329 07:16:51.131121 53 storage/engine/rocksdb.go:120            Options.writable_file_max_buffer_size: 1048576
I200329 07:16:51.131135 53 storage/engine/rocksdb.go:120              Options.delayed_write_rate : 16777216
I200329 07:16:51.131153 53 storage/engine/rocksdb.go:120              Options.max_total_wal_size: 0
I200329 07:16:51.131171 53 storage/engine/rocksdb.go:120              Options.delete_obsolete_files_period_micros: 21600000000
I200329 07:16:51.131185 53 storage/engine/rocksdb.go:120                    Options.stats_dump_period_sec: 0
I200329 07:16:51.131198 53 storage/engine/rocksdb.go:120                  Options.stats_persist_period_sec: 600
I200329 07:16:51.131213 53 storage/engine/rocksdb.go:120                  Options.stats_history_buffer_size: 1048576
I200329 07:16:51.131225 53 storage/engine/rocksdb.go:120                           Options.max_open_files: 128
I200329 07:16:51.131241 53 storage/engine/rocksdb.go:120                           Options.bytes_per_sync: 524288
I200329 07:16:51.131254 53 storage/engine/rocksdb.go:120                       Options.wal_bytes_per_sync: 0
I200329 07:16:51.131267 53 storage/engine/rocksdb.go:120                    Options.strict_bytes_per_sync: 1
I200329 07:16:51.131280 53 storage/engine/rocksdb.go:120        Options.compaction_readahead_size: 0
I200329 07:16:51.131293 53 storage/engine/rocksdb.go:120  Compression algorithms supported:
I200329 07:16:51.131312 53 storage/engine/rocksdb.go:120  	kZSTDNotFinalCompression supported: 0
I200329 07:16:51.131330 53 storage/engine/rocksdb.go:120  	kZSTD supported: 0
I200329 07:16:51.131343 53 storage/engine/rocksdb.go:120  	kXpressCompression supported: 0
I200329 07:16:51.131356 53 storage/engine/rocksdb.go:120  	kLZ4HCCompression supported: 0
I200329 07:16:51.131370 53 storage/engine/rocksdb.go:120  	kLZ4Compression supported: 0
I200329 07:16:51.131383 53 storage/engine/rocksdb.go:120  	kBZip2Compression supported: 0
I200329 07:16:51.131396 53 storage/engine/rocksdb.go:120  	kZlibCompression supported: 0
I200329 07:16:51.131409 53 storage/engine/rocksdb.go:120  	kSnappyCompression supported: 1
I200329 07:16:51.131435 53 storage/engine/rocksdb.go:120  Fast CRC32 supported: Supported on x86
I200329 07:16:51.133824 53 storage/engine/rocksdb.go:120  [db/db_impl_open.cc:242] Creating manifest 1 
I200329 07:16:51.151649 53 storage/engine/rocksdb.go:120  [db/version_set.cc:4072] Recovering from manifest file: /cockroach/cockroach-data/cockroach-temp613197296/MANIFEST-000001
I200329 07:16:51.155844 53 storage/engine/rocksdb.go:120  [db/column_family.cc:488] --------------- Options for column family [default]:
I200329 07:16:51.155876 53 storage/engine/rocksdb.go:120                Options.comparator: cockroach_comparator
I200329 07:16:51.155897 53 storage/engine/rocksdb.go:120            Options.merge_operator: cockroach_merge_operator
I200329 07:16:51.155917 53 storage/engine/rocksdb.go:120         Options.compaction_filter: None
I200329 07:16:51.155932 53 storage/engine/rocksdb.go:120         Options.compaction_filter_factory: None
I200329 07:16:51.155950 53 storage/engine/rocksdb.go:120          Options.memtable_factory: SkipListFactory
I200329 07:16:51.155969 53 storage/engine/rocksdb.go:120             Options.table_factory: BlockBasedTable
I200329 07:16:51.156022 53 storage/engine/rocksdb.go:120             table_factory options:   flush_block_policy_factory: FlushBlockBySizePolicyFactory (0x7ff099a24040)
  cache_index_and_filter_blocks: 0
  cache_index_and_filter_blocks_with_high_priority: 0
  pin_l0_filter_and_index_blocks_in_cache: 0
  pin_top_level_index_and_filter: 1
  index_type: 0
  data_block_index_type: 0
  index_shortening: 1
  data_block_hash_table_util_ratio: 0.750000
  hash_index_allow_collision: 1
  checksum: 1
  no_block_cache: 0
  block_cache: 0x7ff099a4b210
  block_cache_name: LRUCache
  block_cache_options:
    capacity : 1048576
    num_shard_bits : 4
    strict_capacity_limit : 0
    memory_allocator : None
    high_pri_pool_ratio: 0.000
  block_cache_compressed: (nil)
  persistent_cache: (nil)
  block_size: 32768
  block_size_deviation: 10
  block_restart_interval: 16
  index_block_restart_interval: 1
  metadata_block_size: 4096
  partition_filters: 0
  use_delta_encoding: 1
  filter_policy: rocksdb.BuiltinBloomFilter
  whole_key_filtering: 0
  verify_compression: 0
  read_amp_bytes_per_bit: 0
  format_version: 2
  enable_index_compression: 1
  block_align: 0
I200329 07:16:51.156044 53 storage/engine/rocksdb.go:120         Options.write_buffer_size: 67108864
I200329 07:16:51.156068 53 storage/engine/rocksdb.go:120   Options.max_write_buffer_number: 4
I200329 07:16:51.156104 53 storage/engine/rocksdb.go:120           Options.compression: Snappy
I200329 07:16:51.156127 53 storage/engine/rocksdb.go:120                   Options.bottommost_compression: Disabled
I200329 07:16:51.156143 53 storage/engine/rocksdb.go:120        Options.prefix_extractor: cockroach_prefix_extractor
I200329 07:16:51.156171 53 storage/engine/rocksdb.go:120    Options.memtable_insert_with_hint_prefix_extractor: nullptr
I200329 07:16:51.156195 53 storage/engine/rocksdb.go:120              Options.num_levels: 7
I200329 07:16:51.156212 53 storage/engine/rocksdb.go:120         Options.min_write_buffer_number_to_merge: 1
I200329 07:16:51.156234 53 storage/engine/rocksdb.go:120      Options.max_write_buffer_number_to_maintain: 0
I200329 07:16:51.156255 53 storage/engine/rocksdb.go:120             Options.bottommost_compression_opts.window_bits: -14
I200329 07:16:51.156279 53 storage/engine/rocksdb.go:120                   Options.bottommost_compression_opts.level: 32767
I200329 07:16:51.156302 53 storage/engine/rocksdb.go:120                Options.bottommost_compression_opts.strategy: 0
I200329 07:16:51.156325 53 storage/engine/rocksdb.go:120          Options.bottommost_compression_opts.max_dict_bytes: 0
I200329 07:16:51.156345 53 storage/engine/rocksdb.go:120          Options.bottommost_compression_opts.zstd_max_train_bytes: 0
I200329 07:16:51.156368 53 storage/engine/rocksdb.go:120                   Options.bottommost_compression_opts.enabled: false
I200329 07:16:51.156391 53 storage/engine/rocksdb.go:120             Options.compression_opts.window_bits: -14
I200329 07:16:51.156413 53 storage/engine/rocksdb.go:120                   Options.compression_opts.level: 32767
I200329 07:16:51.156434 53 storage/engine/rocksdb.go:120                Options.compression_opts.strategy: 0
I200329 07:16:51.156506 53 storage/engine/rocksdb.go:120          Options.compression_opts.max_dict_bytes: 0
I200329 07:16:51.156527 53 storage/engine/rocksdb.go:120          Options.compression_opts.zstd_max_train_bytes: 0
I200329 07:16:51.156547 53 storage/engine/rocksdb.go:120                   Options.compression_opts.enabled: false
I200329 07:16:51.156670 53 storage/engine/rocksdb.go:120       Options.level0_file_num_compaction_trigger: 2
I200329 07:16:51.156706 53 storage/engine/rocksdb.go:120           Options.level0_slowdown_writes_trigger: 950
I200329 07:16:51.156733 53 storage/engine/rocksdb.go:120               Options.level0_stop_writes_trigger: 1000
I200329 07:16:51.156759 53 storage/engine/rocksdb.go:120                    Options.target_file_size_base: 4194304
I200329 07:16:51.156778 53 storage/engine/rocksdb.go:120              Options.target_file_size_multiplier: 2
I200329 07:16:51.156804 53 storage/engine/rocksdb.go:120                 Options.max_bytes_for_level_base: 67108864
I200329 07:16:51.156836 53 storage/engine/rocksdb.go:120  Options.level_compaction_dynamic_level_bytes: 1
I200329 07:16:51.156866 53 storage/engine/rocksdb.go:120           Options.max_bytes_for_level_multiplier: 10.000000
I200329 07:16:51.156894 53 storage/engine/rocksdb.go:120  Options.max_bytes_for_level_multiplier_addtl[0]: 1
I200329 07:16:51.156918 53 storage/engine/rocksdb.go:120  Options.max_bytes_for_level_multiplier_addtl[1]: 1
I200329 07:16:51.156963 53 storage/engine/rocksdb.go:120  Options.max_bytes_for_level_multiplier_addtl[2]: 1
I200329 07:16:51.157013 53 storage/engine/rocksdb.go:120  Options.max_bytes_for_level_multiplier_addtl[3]: 1
I200329 07:16:51.157036 53 storage/engine/rocksdb.go:120  Options.max_bytes_for_level_multiplier_addtl[4]: 1
I200329 07:16:51.157059 53 storage/engine/rocksdb.go:120  Options.max_bytes_for_level_multiplier_addtl[5]: 1
I200329 07:16:51.157078 53 storage/engine/rocksdb.go:120  Options.max_bytes_for_level_multiplier_addtl[6]: 1
I200329 07:16:51.157096 53 storage/engine/rocksdb.go:120        Options.max_sequential_skip_in_iterations: 8
I200329 07:16:51.157136 53 storage/engine/rocksdb.go:120                     Options.max_compaction_bytes: 104857600
I200329 07:16:51.157166 53 storage/engine/rocksdb.go:120                         Options.arena_block_size: 8388608
I200329 07:16:51.157190 53 storage/engine/rocksdb.go:120    Options.soft_pending_compaction_bytes_limit: 2199023255552
I200329 07:16:51.157212 53 storage/engine/rocksdb.go:120    Options.hard_pending_compaction_bytes_limit: 4400193994752
I200329 07:16:51.157236 53 storage/engine/rocksdb.go:120        Options.rate_limit_delay_max_milliseconds: 100
I200329 07:16:51.157279 53 storage/engine/rocksdb.go:120                 Options.disable_auto_compactions: 0
I200329 07:16:51.157308 53 storage/engine/rocksdb.go:120                         Options.compaction_style: kCompactionStyleLevel
I200329 07:16:51.157328 53 storage/engine/rocksdb.go:120                           Options.compaction_pri: kMinOverlappingRatio
I200329 07:16:51.157347 53 storage/engine/rocksdb.go:120  Options.compaction_options_universal.size_ratio: 1
I200329 07:16:51.157364 53 storage/engine/rocksdb.go:120  Options.compaction_options_universal.min_merge_width: 2
I200329 07:16:51.157382 53 storage/engine/rocksdb.go:120  Options.compaction_options_universal.max_merge_width: 4294967295
I200329 07:16:51.157400 53 storage/engine/rocksdb.go:120  Options.compaction_options_universal.max_size_amplification_percent: 200
I200329 07:16:51.157418 53 storage/engine/rocksdb.go:120  Options.compaction_options_universal.compression_size_percent: -1
I200329 07:16:51.157433 53 storage/engine/rocksdb.go:120  Options.compaction_options_universal.stop_style: kCompactionStopStyleTotalSize
I200329 07:16:51.157453 53 storage/engine/rocksdb.go:120  Options.compaction_options_fifo.max_table_files_size: 1073741824
I200329 07:16:51.157472 53 storage/engine/rocksdb.go:120  Options.compaction_options_fifo.allow_compaction: 0
I200329 07:16:51.157494 53 storage/engine/rocksdb.go:120                    Options.table_properties_collectors: TimeBoundTblPropCollectorFactory; DeleteRangeTblPropCollectorFactory; 
I200329 07:16:51.157515 53 storage/engine/rocksdb.go:120                    Options.inplace_update_support: 0
I200329 07:16:51.157534 53 storage/engine/rocksdb.go:120                  Options.inplace_update_num_locks: 10000
I200329 07:16:51.157549 53 storage/engine/rocksdb.go:120                Options.memtable_prefix_bloom_size_ratio: 0.000000
I200329 07:16:51.157567 53 storage/engine/rocksdb.go:120                Options.memtable_whole_key_filtering: 0
I200329 07:16:51.157583 53 storage/engine/rocksdb.go:120    Options.memtable_huge_page_size: 0
I200329 07:16:51.157602 53 storage/engine/rocksdb.go:120                            Options.bloom_locality: 0
I200329 07:16:51.157616 53 storage/engine/rocksdb.go:120                     Options.max_successive_merges: 0
I200329 07:16:51.157693 53 storage/engine/rocksdb.go:120                 Options.optimize_filters_for_hits: 1
I200329 07:16:51.157725 53 storage/engine/rocksdb.go:120                 Options.paranoid_file_checks: 0
I200329 07:16:51.157761 53 storage/engine/rocksdb.go:120                 Options.force_consistency_checks: 0
I200329 07:16:51.157779 53 storage/engine/rocksdb.go:120                 Options.report_bg_io_stats: 0
I200329 07:16:51.157798 53 storage/engine/rocksdb.go:120                                Options.ttl: 0
I200329 07:16:51.157813 53 storage/engine/rocksdb.go:120           Options.periodic_compaction_seconds: 0
I200329 07:16:51.162808 53 storage/engine/rocksdb.go:120  [db/version_set.cc:4286] Recovered from manifest file:/cockroach/cockroach-data/cockroach-temp613197296/MANIFEST-000001 succeeded,manifest_file_number is 1, next_file_number is 3, last_sequence is 0, log_number is 0,prev_log_number is 0,max_column_family is 0,min_log_number_to_keep is 0
I200329 07:16:51.162829 53 storage/engine/rocksdb.go:120  [db/version_set.cc:4295] Column family [default] (ID 0), log number is 0
I200329 07:16:51.305655 53 storage/engine/rocksdb.go:120  DB pointer 0x7ff099b85000
I200329 07:16:51.350393 53 storage/engine/rocksdb.go:120  RocksDB version: 6.2.1
I200329 07:16:51.350416 53 storage/engine/rocksdb.go:120  Git sha rocksdb_build_git_sha:@b7009236531fa784872f4823eabf393501e41bf2@
I200329 07:16:51.350441 53 storage/engine/rocksdb.go:120  Compile date Mar 16 2020
I200329 07:16:51.350464 53 storage/engine/rocksdb.go:120  DB SUMMARY
I200329 07:16:51.354073 53 storage/engine/rocksdb.go:120  CURRENT file:  CURRENT
I200329 07:16:51.354101 53 storage/engine/rocksdb.go:120  IDENTITY file:  IDENTITY
I200329 07:16:51.354960 53 storage/engine/rocksdb.go:120  MANIFEST file:  MANIFEST-000001 size: 13 Bytes
I200329 07:16:51.355032 53 storage/engine/rocksdb.go:120  SST files in /cockroach/cockroach-data dir, Total Num: 0, files: 
I200329 07:16:51.355054 53 storage/engine/rocksdb.go:120  Write Ahead Log file in /cockroach/cockroach-data: 000003.log size: 75 ; 
I200329 07:16:51.355080 53 storage/engine/rocksdb.go:120                          Options.error_if_exists: 0
I200329 07:16:51.355105 53 storage/engine/rocksdb.go:120                        Options.create_if_missing: 1
I200329 07:16:51.355126 53 storage/engine/rocksdb.go:120                          Options.paranoid_checks: 1
I200329 07:16:51.355146 53 storage/engine/rocksdb.go:120                                      Options.env: 0x75757a0
I200329 07:16:51.355163 53 storage/engine/rocksdb.go:120                                 Options.info_log: 0x7ff08c40e080
I200329 07:16:51.355187 53 storage/engine/rocksdb.go:120                 Options.max_file_opening_threads: 16
I200329 07:16:51.355215 53 storage/engine/rocksdb.go:120                               Options.statistics: 0x7ff08c41e010
I200329 07:16:51.355233 53 storage/engine/rocksdb.go:120                                Options.use_fsync: 0
I200329 07:16:51.355258 53 storage/engine/rocksdb.go:120                        Options.max_log_file_size: 0
I200329 07:16:51.355275 53 storage/engine/rocksdb.go:120                   Options.max_manifest_file_size: 134217728
I200329 07:16:51.355293 53 storage/engine/rocksdb.go:120                    Options.log_file_time_to_roll: 0
I200329 07:16:51.355318 53 storage/engine/rocksdb.go:120                        Options.keep_log_file_num: 1000
I200329 07:16:51.355342 53 storage/engine/rocksdb.go:120                     Options.recycle_log_file_num: 1
I200329 07:16:51.355366 53 storage/engine/rocksdb.go:120                          Options.allow_fallocate: 1
I200329 07:16:51.355392 53 storage/engine/rocksdb.go:120                         Options.allow_mmap_reads: 0
I200329 07:16:51.355416 53 storage/engine/rocksdb.go:120                        Options.allow_mmap_writes: 0
I200329 07:16:51.355435 53 storage/engine/rocksdb.go:120                         Options.use_direct_reads: 0
I200329 07:16:51.355458 53 storage/engine/rocksdb.go:120                         Options.use_direct_io_for_flush_and_compaction: 0
I200329 07:16:51.355481 53 storage/engine/rocksdb.go:120           Options.create_missing_column_families: 0
I200329 07:16:51.355507 53 storage/engine/rocksdb.go:120                               Options.db_log_dir: 
I200329 07:16:51.355534 53 storage/engine/rocksdb.go:120                                  Options.wal_dir: /cockroach/cockroach-data
I200329 07:16:51.355560 53 storage/engine/rocksdb.go:120                 Options.table_cache_numshardbits: 6
I200329 07:16:51.355580 53 storage/engine/rocksdb.go:120                       Options.max_subcompactions: 1
I200329 07:16:51.355605 53 storage/engine/rocksdb.go:120                   Options.max_background_flushes: -1
I200329 07:16:51.355625 53 storage/engine/rocksdb.go:120                          Options.WAL_ttl_seconds: 0
I200329 07:16:51.356160 53 storage/engine/rocksdb.go:120                        Options.WAL_size_limit_MB: 0
I200329 07:16:51.356192 53 storage/engine/rocksdb.go:120              Options.manifest_preallocation_size: 4194304
I200329 07:16:51.356219 53 storage/engine/rocksdb.go:120                      Options.is_fd_close_on_exec: 1
I200329 07:16:51.356258 53 storage/engine/rocksdb.go:120                    Options.advise_random_on_open: 1
I200329 07:16:51.356281 53 storage/engine/rocksdb.go:120                     Options.db_write_buffer_size: 0
I200329 07:16:51.356307 53 storage/engine/rocksdb.go:120                     Options.write_buffer_manager: 0x7ff08c486030
I200329 07:16:51.356338 53 storage/engine/rocksdb.go:120          Options.access_hint_on_compaction_start: 1
I200329 07:16:51.356367 53 storage/engine/rocksdb.go:120   Options.new_table_reader_for_compaction_inputs: 0
I200329 07:16:51.356388 53 storage/engine/rocksdb.go:120            Options.random_access_max_buffer_size: 1048576
I200329 07:16:51.356413 53 storage/engine/rocksdb.go:120                       Options.use_adaptive_mutex: 0
I200329 07:16:51.356441 53 storage/engine/rocksdb.go:120                             Options.rate_limiter: (nil)
I200329 07:16:51.356464 53 storage/engine/rocksdb.go:120      Options.sst_file_manager.rate_bytes_per_sec: 0
I200329 07:16:51.356501 53 storage/engine/rocksdb.go:120                        Options.wal_recovery_mode: 0
I200329 07:16:51.356663 53 storage/engine/rocksdb.go:120                   Options.enable_thread_tracking: 0
I200329 07:16:51.356687 53 storage/engine/rocksdb.go:120                   Options.enable_pipelined_write: 0
I200329 07:16:51.356716 53 storage/engine/rocksdb.go:120          Options.allow_concurrent_memtable_write: 1
I200329 07:16:51.356739 53 storage/engine/rocksdb.go:120       Options.enable_write_thread_adaptive_yield: 1
I200329 07:16:51.356768 53 storage/engine/rocksdb.go:120              Options.write_thread_max_yield_usec: 100
I200329 07:16:51.356792 53 storage/engine/rocksdb.go:120             Options.write_thread_slow_yield_usec: 3
I200329 07:16:51.356816 53 storage/engine/rocksdb.go:120                                Options.row_cache: None
I200329 07:16:51.356839 53 storage/engine/rocksdb.go:120                               Options.wal_filter: None
I200329 07:16:51.356877 53 storage/engine/rocksdb.go:120              Options.avoid_flush_during_recovery: 0
I200329 07:16:51.356900 53 storage/engine/rocksdb.go:120              Options.allow_ingest_behind: 0
I200329 07:16:51.356924 53 storage/engine/rocksdb.go:120              Options.preserve_deletes: 0
I200329 07:16:51.356948 53 storage/engine/rocksdb.go:120              Options.two_write_queues: 0
I200329 07:16:51.356972 53 storage/engine/rocksdb.go:120              Options.manual_wal_flush: 1
I200329 07:16:51.356993 53 storage/engine/rocksdb.go:120              Options.atomic_flush: 0
I200329 07:16:51.357016 53 storage/engine/rocksdb.go:120              Options.avoid_unnecessary_blocking_io: 0
I200329 07:16:51.357039 53 storage/engine/rocksdb.go:120              Options.max_background_jobs: 4
I200329 07:16:51.357059 53 storage/engine/rocksdb.go:120              Options.max_background_compactions: -1
I200329 07:16:51.357082 53 storage/engine/rocksdb.go:120              Options.avoid_flush_during_shutdown: 0
I200329 07:16:51.357104 53 storage/engine/rocksdb.go:120            Options.writable_file_max_buffer_size: 1048576
I200329 07:16:51.357127 53 storage/engine/rocksdb.go:120              Options.delayed_write_rate : 16777216
I200329 07:16:51.357150 53 storage/engine/rocksdb.go:120              Options.max_total_wal_size: 0
I200329 07:16:51.357170 53 storage/engine/rocksdb.go:120              Options.delete_obsolete_files_period_micros: 21600000000
I200329 07:16:51.357194 53 storage/engine/rocksdb.go:120                    Options.stats_dump_period_sec: 0
I200329 07:16:51.357217 53 storage/engine/rocksdb.go:120                  Options.stats_persist_period_sec: 600
I200329 07:16:51.357240 53 storage/engine/rocksdb.go:120                  Options.stats_history_buffer_size: 1048576
I200329 07:16:51.357261 53 storage/engine/rocksdb.go:120                           Options.max_open_files: 1043576
I200329 07:16:51.357283 53 storage/engine/rocksdb.go:120                           Options.bytes_per_sync: 524288
I200329 07:16:51.357320 53 storage/engine/rocksdb.go:120                       Options.wal_bytes_per_sync: 0
I200329 07:16:51.357343 53 storage/engine/rocksdb.go:120                    Options.strict_bytes_per_sync: 1
I200329 07:16:51.357362 53 storage/engine/rocksdb.go:120        Options.compaction_readahead_size: 0
I200329 07:16:51.357384 53 storage/engine/rocksdb.go:120  Compression algorithms supported:
I200329 07:16:51.357407 53 storage/engine/rocksdb.go:120  	kZSTDNotFinalCompression supported: 0
I200329 07:16:51.357430 53 storage/engine/rocksdb.go:120  	kZSTD supported: 0
I200329 07:16:51.357446 53 storage/engine/rocksdb.go:120  	kXpressCompression supported: 0
I200329 07:16:51.357468 53 storage/engine/rocksdb.go:120  	kLZ4HCCompression supported: 0
I200329 07:16:51.357490 53 storage/engine/rocksdb.go:120  	kLZ4Compression supported: 0
I200329 07:16:51.357511 53 storage/engine/rocksdb.go:120  	kBZip2Compression supported: 0
I200329 07:16:51.357533 53 storage/engine/rocksdb.go:120  	kZlibCompression supported: 0
I200329 07:16:51.357556 53 storage/engine/rocksdb.go:120  	kSnappyCompression supported: 1
I200329 07:16:51.357588 53 storage/engine/rocksdb.go:120  Fast CRC32 supported: Supported on x86
I200329 07:16:51.369152 53 storage/engine/rocksdb.go:120  [db/version_set.cc:4072] Recovering from manifest file: /cockroach/cockroach-data/MANIFEST-000001
I200329 07:16:51.371742 53 storage/engine/rocksdb.go:120  [db/column_family.cc:488] --------------- Options for column family [default]:
I200329 07:16:51.371775 53 storage/engine/rocksdb.go:120                Options.comparator: cockroach_comparator
I200329 07:16:51.371797 53 storage/engine/rocksdb.go:120            Options.merge_operator: cockroach_merge_operator
I200329 07:16:51.371817 53 storage/engine/rocksdb.go:120         Options.compaction_filter: None
I200329 07:16:51.371837 53 storage/engine/rocksdb.go:120         Options.compaction_filter_factory: None
I200329 07:16:51.371855 53 storage/engine/rocksdb.go:120          Options.memtable_factory: SkipListFactory
I200329 07:16:51.371877 53 storage/engine/rocksdb.go:120             Options.table_factory: BlockBasedTable
I200329 07:16:51.372076 53 storage/engine/rocksdb.go:120             table_factory options:   flush_block_policy_factory: FlushBlockBySizePolicyFactory (0x7ff08c412028)
  cache_index_and_filter_blocks: 0
  cache_index_and_filter_blocks_with_high_priority: 0
  pin_l0_filter_and_index_blocks_in_cache: 0
  pin_top_level_index_and_filter: 1
  index_type: 0
  data_block_index_type: 0
  index_shortening: 1
  data_block_hash_table_util_ratio: 0.750000
  hash_index_allow_collision: 1
  checksum: 1
  no_block_cache: 0
  block_cache: 0x7ff099b9db10
  block_cache_name: LRUCache
  block_cache_options:
    capacity : 67108864
    num_shard_bits : 4
    strict_capacity_limit : 0
    memory_allocator : None
    high_pri_pool_ratio: 0.000
  block_cache_compressed: (nil)
  persistent_cache: (nil)
  block_size: 32768
  block_size_deviation: 10
  block_restart_interval: 16
  index_block_restart_interval: 1
  metadata_block_size: 4096
  partition_filters: 0
  use_delta_encoding: 1
  filter_policy: rocksdb.BuiltinBloomFilter
  whole_key_filtering: 0
  verify_compression: 0
  read_amp_bytes_per_bit: 0
  format_version: 2
  enable_index_compression: 1
  block_align: 0
I200329 07:16:51.372101 53 storage/engine/rocksdb.go:120         Options.write_buffer_size: 67108864
I200329 07:16:51.372124 53 storage/engine/rocksdb.go:120   Options.max_write_buffer_number: 4
I200329 07:16:51.372187 53 storage/engine/rocksdb.go:120           Options.compression: Snappy
I200329 07:16:51.372208 53 storage/engine/rocksdb.go:120                   Options.bottommost_compression: Disabled
I200329 07:16:51.372229 53 storage/engine/rocksdb.go:120        Options.prefix_extractor: cockroach_prefix_extractor
I200329 07:16:51.372249 53 storage/engine/rocksdb.go:120    Options.memtable_insert_with_hint_prefix_extractor: nullptr
I200329 07:16:51.372264 53 storage/engine/rocksdb.go:120              Options.num_levels: 7
I200329 07:16:51.372283 53 storage/engine/rocksdb.go:120         Options.min_write_buffer_number_to_merge: 1
I200329 07:16:51.372302 53 storage/engine/rocksdb.go:120      Options.max_write_buffer_number_to_maintain: 0
I200329 07:16:51.372315 53 storage/engine/rocksdb.go:120             Options.bottommost_compression_opts.window_bits: -14
I200329 07:16:51.372376 53 storage/engine/rocksdb.go:120                   Options.bottommost_compression_opts.level: 32767
I200329 07:16:51.372389 53 storage/engine/rocksdb.go:120                Options.bottommost_compression_opts.strategy: 0
I200329 07:16:51.372445 53 storage/engine/rocksdb.go:120          Options.bottommost_compression_opts.max_dict_bytes: 0
I200329 07:16:51.372458 53 storage/engine/rocksdb.go:120          Options.bottommost_compression_opts.zstd_max_train_bytes: 0
I200329 07:16:51.372474 53 storage/engine/rocksdb.go:120                   Options.bottommost_compression_opts.enabled: false
I200329 07:16:51.372493 53 storage/engine/rocksdb.go:120             Options.compression_opts.window_bits: -14
I200329 07:16:51.372510 53 storage/engine/rocksdb.go:120                   Options.compression_opts.level: 32767
I200329 07:16:51.372694 53 storage/engine/rocksdb.go:120                Options.compression_opts.strategy: 0
I200329 07:16:51.372718 53 storage/engine/rocksdb.go:120          Options.compression_opts.max_dict_bytes: 0
I200329 07:16:51.372770 53 storage/engine/rocksdb.go:120          Options.compression_opts.zstd_max_train_bytes: 0
I200329 07:16:51.372786 53 storage/engine/rocksdb.go:120                   Options.compression_opts.enabled: false
I200329 07:16:51.372810 53 storage/engine/rocksdb.go:120       Options.level0_file_num_compaction_trigger: 2
I200329 07:16:51.372840 53 storage/engine/rocksdb.go:120           Options.level0_slowdown_writes_trigger: 950
I200329 07:16:51.372862 53 storage/engine/rocksdb.go:120               Options.level0_stop_writes_trigger: 1000
I200329 07:16:51.372878 53 storage/engine/rocksdb.go:120                    Options.target_file_size_base: 4194304
I200329 07:16:51.372900 53 storage/engine/rocksdb.go:120              Options.target_file_size_multiplier: 2
I200329 07:16:51.372921 53 storage/engine/rocksdb.go:120                 Options.max_bytes_for_level_base: 67108864
I200329 07:16:51.372957 53 storage/engine/rocksdb.go:120  Options.level_compaction_dynamic_level_bytes: 1
I200329 07:16:51.372999 53 storage/engine/rocksdb.go:120           Options.max_bytes_for_level_multiplier: 10.000000
I200329 07:16:51.373024 53 storage/engine/rocksdb.go:120  Options.max_bytes_for_level_multiplier_addtl[0]: 1
I200329 07:16:51.373043 53 storage/engine/rocksdb.go:120  Options.max_bytes_for_level_multiplier_addtl[1]: 1
I200329 07:16:51.373061 53 storage/engine/rocksdb.go:120  Options.max_bytes_for_level_multiplier_addtl[2]: 1
I200329 07:16:51.373073 53 storage/engine/rocksdb.go:120  Options.max_bytes_for_level_multiplier_addtl[3]: 1
I200329 07:16:51.373090 53 storage/engine/rocksdb.go:120  Options.max_bytes_for_level_multiplier_addtl[4]: 1
I200329 07:16:51.373102 53 storage/engine/rocksdb.go:120  Options.max_bytes_for_level_multiplier_addtl[5]: 1
I200329 07:16:51.373140 53 storage/engine/rocksdb.go:120  Options.max_bytes_for_level_multiplier_addtl[6]: 1
I200329 07:16:51.373158 53 storage/engine/rocksdb.go:120        Options.max_sequential_skip_in_iterations: 8
I200329 07:16:51.373176 53 storage/engine/rocksdb.go:120                     Options.max_compaction_bytes: 104857600
I200329 07:16:51.373193 53 storage/engine/rocksdb.go:120                         Options.arena_block_size: 8388608
I200329 07:16:51.373211 53 storage/engine/rocksdb.go:120    Options.soft_pending_compaction_bytes_limit: 2199023255552
I200329 07:16:51.373245 53 storage/engine/rocksdb.go:120    Options.hard_pending_compaction_bytes_limit: 4400193994752
I200329 07:16:51.373283 53 storage/engine/rocksdb.go:120        Options.rate_limit_delay_max_milliseconds: 100
I200329 07:16:51.373301 53 storage/engine/rocksdb.go:120                 Options.disable_auto_compactions: 0
I200329 07:16:51.373321 53 storage/engine/rocksdb.go:120                         Options.compaction_style: kCompactionStyleLevel
I200329 07:16:51.373341 53 storage/engine/rocksdb.go:120                           Options.compaction_pri: kMinOverlappingRatio
I200329 07:16:51.373359 53 storage/engine/rocksdb.go:120  Options.compaction_options_universal.size_ratio: 1
I200329 07:16:51.373372 53 storage/engine/rocksdb.go:120  Options.compaction_options_universal.min_merge_width: 2
I200329 07:16:51.373390 53 storage/engine/rocksdb.go:120  Options.compaction_options_universal.max_merge_width: 4294967295
I200329 07:16:51.373403 53 storage/engine/rocksdb.go:120  Options.compaction_options_universal.max_size_amplification_percent: 200
I200329 07:16:51.373421 53 storage/engine/rocksdb.go:120  Options.compaction_options_universal.compression_size_percent: -1
I200329 07:16:51.373434 53 storage/engine/rocksdb.go:120  Options.compaction_options_universal.stop_style: kCompactionStopStyleTotalSize
I200329 07:16:51.373460 53 storage/engine/rocksdb.go:120  Options.compaction_options_fifo.max_table_files_size: 1073741824
I200329 07:16:51.373543 53 storage/engine/rocksdb.go:120  Options.compaction_options_fifo.allow_compaction: 0
I200329 07:16:51.373562 53 storage/engine/rocksdb.go:120                    Options.table_properties_collectors: TimeBoundTblPropCollectorFactory; DeleteRangeTblPropCollectorFactory; 
I200329 07:16:51.373577 53 storage/engine/rocksdb.go:120                    Options.inplace_update_support: 0
I200329 07:16:51.373595 53 storage/engine/rocksdb.go:120                  Options.inplace_update_num_locks: 10000
I200329 07:16:51.373613 53 storage/engine/rocksdb.go:120                Options.memtable_prefix_bloom_size_ratio: 0.000000
I200329 07:16:51.373631 53 storage/engine/rocksdb.go:120                Options.memtable_whole_key_filtering: 0
I200329 07:16:51.373649 53 storage/engine/rocksdb.go:120    Options.memtable_huge_page_size: 0
I200329 07:16:51.373661 53 storage/engine/rocksdb.go:120                            Options.bloom_locality: 0
I200329 07:16:51.373683 53 storage/engine/rocksdb.go:120                     Options.max_successive_merges: 0
I200329 07:16:51.373748 53 storage/engine/rocksdb.go:120                 Options.optimize_filters_for_hits: 1
I200329 07:16:51.373761 53 storage/engine/rocksdb.go:120                 Options.paranoid_file_checks: 0
I200329 07:16:51.373773 53 storage/engine/rocksdb.go:120                 Options.force_consistency_checks: 0
I200329 07:16:51.373784 53 storage/engine/rocksdb.go:120                 Options.report_bg_io_stats: 0
I200329 07:16:51.373844 53 storage/engine/rocksdb.go:120                                Options.ttl: 0
I200329 07:16:51.373884 53 storage/engine/rocksdb.go:120           Options.periodic_compaction_seconds: 0
I200329 07:16:51.378136 53 storage/engine/rocksdb.go:120  [db/version_set.cc:4286] Recovered from manifest file:/cockroach/cockroach-data/MANIFEST-000001 succeeded,manifest_file_number is 1, next_file_number is 3, last_sequence is 0, log_number is 0,prev_log_number is 0,max_column_family is 0,min_log_number_to_keep is 0
I200329 07:16:51.378175 53 storage/engine/rocksdb.go:120  [db/version_set.cc:4295] Column family [default] (ID 0), log number is 0
I200329 07:16:51.383632 53 storage/engine/rocksdb.go:120  EVENT_LOG_v1 {"time_micros": 1585466211383598, "job": 1, "event": "recovery_started", "log_files": [3]}
I200329 07:16:51.383671 53 storage/engine/rocksdb.go:120  [db/db_impl_open.cc:598] Recovering log #3 mode 0
I200329 07:16:51.387065 53 storage/engine/rocksdb.go:120  [db/version_set.cc:3560] Creating manifest 5
I200329 07:16:51.393703 53 storage/engine/rocksdb.go:120  EVENT_LOG_v1 {"time_micros": 1585466211393667, "job": 1, "event": "recovery_finished"}
I200329 07:16:51.432224 53 storage/engine/rocksdb.go:120  DB pointer 0x7ff08c493000
